#
# A fatal error has been detected by the Java Runtime Environment:
#
#  SIGSEGV (0xb) at pc=0x0000000131d7e44b, pid=86095, tid=259
#
# JRE version: OpenJDK Runtime Environment Temurin-11.0.13+8 (11.0.13+8) (build 11.0.13+8)
# Java VM: OpenJDK 64-Bit Server VM Temurin-11.0.13+8 (11.0.13+8, mixed mode, tiered, compressed oops, g1 gc, bsd-amd64)
# Problematic frame:
# C  [libhalsim_gui.dylib+0x1e44b]  std::__1::__function::__func<halsimgui::NetworkTablesSimGui::Initialize()::$_0, std::__1::allocator<halsimgui::NetworkTablesSimGui::Initialize()::$_0>, void ()>::operator()()+0xb
#
# No core dump will be written. Core dumps have been disabled. To enable core dumping, try "ulimit -c unlimited" before starting Java again
#
# If you would like to submit a bug report, please visit:
#   https://github.com/adoptium/adoptium-support/issues
# The crash happened outside the Java Virtual Machine in native code.
# See problematic frame for where to report the bug.
#

---------------  S U M M A R Y ------------

Command Line: -Djava.library.path=/Users/matt/IdeaProjects/season-template/build/jni/release -Dfile.encoding=UTF-8 -Duser.country=US -Duser.language=en -Duser.variant /Users/matt/IdeaProjects/season-template/build/libs/season-template.jar

Host: MacBookAir10,1 x86_64 2400 MHz, 8 cores, 8G, Darwin 21.6.0
Time: Wed Jan 18 18:49:25 2023 MST elapsed time: 42.453165 seconds (0d 0h 0m 42s)

---------------  T H R E A D  ---------------

Current thread (0x00007fee5b010800):  JavaThread "main" [_thread_in_native, id=259, stack(0x000000030d5f8000,0x000000030ddf8000)]

Stack: [0x000000030d5f8000,0x000000030ddf8000],  sp=0x000000030ddf4ca0,  free space=8179k
Native frames: (J=compiled Java code, A=aot compiled Java code, j=interpreted, Vv=VM code, C=native code)
C  [libhalsim_gui.dylib+0x1e44b]  std::__1::__function::__func<halsimgui::NetworkTablesSimGui::Initialize()::$_0, std::__1::allocator<halsimgui::NetworkTablesSimGui::Initialize()::$_0>, void ()>::operator()()+0xb
C  [libhalsim_gui.dylib+0x87d35]  wpi::gui::CommonRenderFrame()+0x75
C  [libhalsim_gui.dylib+0x9b516]  wpi::gui::PlatformRenderFrame()+0x326
C  [libhalsim_gui.dylib+0x87c37]  wpi::gui::Main()+0x107
C  [libhalsim_gui.dylib+0x1dbf9]  HALSIM_InitExtension::$_2::__invoke(void*)+0x9
j  edu.wpi.first.hal.HAL.runMain()V+0
j  edu.wpi.first.wpilibj.RobotBase.startRobot(Ljava/util/function/Supplier;)V+83
j  org.bitbuckets.bootstrap.Main.main([Ljava/lang/String;)V+5
v  ~StubRoutines::call_stub
V  [libjvm.dylib+0x3b5a80]  JavaCalls::call_helper(JavaValue*, methodHandle const&, JavaCallArguments*, Thread*)+0x1fe
V  [libjvm.dylib+0x3fb101]  jni_invoke_static(JNIEnv_*, JavaValue*, _jobject*, JNICallType, _jmethodID*, JNI_ArgumentPusher*, Thread*)+0x10a
V  [libjvm.dylib+0x3fe9e6]  jni_CallStaticVoidMethod+0x1d2
C  [libjli.dylib+0x4b1d]  JavaMain+0xab0
C  [libjli.dylib+0x7065]  __JVMInit_block_invoke+0x4b
